<?xml version="1.0" encoding="UTF-8"?>
<testsuite name="Create an user on Reqres.in" tests="1" skipped="0" failures="1" errors="0" timestamp="2020-06-29T21:07:02" hostname="USUARIO-PC" time="0.407">
  <properties/>
  <testcase name="Creation an user" classname="Create an user on Reqres.in" time="0.407">
    <failure message="java.lang.NullPointerException" type="java.lang.NullPointerException">java.lang.NullPointerException
	at net.serenitybdd.screenplay.actors.OnStage.theActorInTheSpotlight(OnStage.java:57)
	at co.com.choucair.services.soaprest.stepdefinitions.StepDefinitionRestCreateUser.youCreateAnUser(StepDefinitionRestCreateUser.java:21)
	at âœ½.you create an user(src/test/resources/features/create_user.feature:5)
</failure>
  </testcase>
  <system-out><![CDATA[]]></system-out>
  <system-err><![CDATA[[Test worker] WARN net.thucydides.core.steps.BaseStepListener - stepStarted: net.thucydides.core.steps.ExecutedStepDescription@6811a17d
[Test worker] WARN net.thucydides.core.steps.BaseStepListener - stepStarted: net.thucydides.core.steps.ExecutedStepDescription@39465405
[Test worker] WARN net.thucydides.core.steps.BaseStepListener - testFinished: Creation an user:When you create an user
| name | job |
| faustino | java |, Then I should see the user created
[Test worker] WARN net.thucydides.core.steps.BaseStepListener - TestOutcomes: [Creation an user:When you create an user
| name | job |
| faustino | java |, Then I should see the user created]
[Test worker] WARN net.thucydides.core.steps.BaseStepListener - Final testOutcomes: [Creation an user:When you create an user
| name | job |
| faustino | java |, Then I should see the user created]
[Test worker] ERROR net.thucydides.core.steps.ConsoleLoggingListener - 
           __  _____ _____ ____ _____   _____ _    ___ _     _____ ____  
  _       / / |_   _| ____/ ___|_   _| |  ___/ \  |_ _| |   | ____|  _ \ 
 (_)_____| |    | | |  _| \___ \ | |   | |_ / _ \  | || |   |  _| | | | |
  _|_____| |    | | | |___ ___) || |   |  _/ ___ \ | || |___| |___| |_| |
 (_)     | |    |_| |_____|____/ |_|   |_|/_/   \_\___|_____|_____|____/ 
          \_\                                                            

TEST FAILED WITH ERROR: Creation an user
---------------------------------------------------------------------
[Test worker] ERROR net.thucydides.core.steps.ConsoleLoggingListener - TEST FAILED AT STEP When you create an user | name | job | | faustino | java |
[Test worker] ERROR net.thucydides.core.steps.ConsoleLoggingListener - 
]]></system-err>
</testsuite>
